[debug] [2025-01-05T23:17:14.821Z] ----------------------------------------------------------------------
[debug] [2025-01-05T23:17:14.823Z] Command:       C:\Program Files\nodejs\node.exe C:\Users\Administrador\AppData\Roaming\npm\node_modules\firebase-tools\lib\bin\firebase.js init hosting
[debug] [2025-01-05T23:17:14.824Z] CLI Version:   13.29.1
[debug] [2025-01-05T23:17:14.824Z] Platform:      win32
[debug] [2025-01-05T23:17:14.824Z] Node Version:  v22.11.0
[debug] [2025-01-05T23:17:14.825Z] Time:          Sun Jan 05 2025 20:17:14 GMT-0300 (Horário Padrão de Brasília)
[debug] [2025-01-05T23:17:14.825Z] ----------------------------------------------------------------------
[debug] 
[debug] [2025-01-05T23:17:14.879Z] > command requires scopes: ["email","openid","https://www.googleapis.com/auth/cloudplatformprojects.readonly","https://www.googleapis.com/auth/firebase","https://www.googleapis.com/auth/cloud-platform"]
[debug] [2025-01-05T23:17:14.879Z] > authorizing via signed-in user (pedro.missaglia@gmail.com)
[info] 
     ######## #### ########  ######## ########     ###     ######  ########
     ##        ##  ##     ## ##       ##     ##  ##   ##  ##       ##
     ######    ##  ########  ######   ########  #########  ######  ######
     ##        ##  ##    ##  ##       ##     ## ##     ##       ## ##
     ##       #### ##     ## ######## ########  ##     ##  ######  ########

You're about to initialize a Firebase project in this directory:

  C:\Users\Administrador\Documents\Freelas\rdo_BDS_Data_Manager

Before we get started, keep in mind:

  * You are initializing within an existing Firebase project directory

[info] 
=== Project Setup
[info] 
[info] First, let's associate this project directory with a Firebase project.
[info] You can create multiple project aliases by running firebase use --add, 
[info] but for now we'll just set up a default project.
[info] 
[debug] [2025-01-05T23:17:17.172Z] Using project from CLI flag: rdooperation
[debug] [2025-01-05T23:17:17.173Z] Checked if tokens are valid: true, expires at: 1736122025292
[debug] [2025-01-05T23:17:17.173Z] Checked if tokens are valid: true, expires at: 1736122025292
[debug] [2025-01-05T23:17:17.174Z] >>> [apiv2][query] GET https://firebase.googleapis.com/v1beta1/projects/rdooperation [none]
[debug] [2025-01-05T23:17:17.721Z] <<< [apiv2][status] GET https://firebase.googleapis.com/v1beta1/projects/rdooperation 200
[debug] [2025-01-05T23:17:17.721Z] <<< [apiv2][body] GET https://firebase.googleapis.com/v1beta1/projects/rdooperation {"projectId":"rdooperation","projectNumber":"946473442011","displayName":"RdoOperation","name":"projects/rdooperation","resources":{"hostingSite":"rdooperation","realtimeDatabaseInstance":"rdooperation-default-rtdb"},"state":"ACTIVE","etag":"1_3770eb13-03d5-4491-b50b-a37d877bfbd0"}
[info] i  Using project rdooperation (RdoOperation) 
[info] 
=== Hosting Setup
[debug] [2025-01-05T23:17:17.726Z] Checked if tokens are valid: true, expires at: 1736122025292
[debug] [2025-01-05T23:17:17.726Z] Checked if tokens are valid: true, expires at: 1736122025292
[debug] [2025-01-05T23:17:17.726Z] >>> [apiv2][query] GET https://firebase.googleapis.com/v1beta1/projects/rdooperation [none]
[debug] [2025-01-05T23:17:18.168Z] <<< [apiv2][status] GET https://firebase.googleapis.com/v1beta1/projects/rdooperation 200
[debug] [2025-01-05T23:17:18.169Z] <<< [apiv2][body] GET https://firebase.googleapis.com/v1beta1/projects/rdooperation {"projectId":"rdooperation","projectNumber":"946473442011","displayName":"RdoOperation","name":"projects/rdooperation","resources":{"hostingSite":"rdooperation","realtimeDatabaseInstance":"rdooperation-default-rtdb"},"state":"ACTIVE","etag":"1_3770eb13-03d5-4491-b50b-a37d877bfbd0"}
[info] 
[info] Your public directory is the folder (relative to your project directory) that
[info] will contain Hosting assets to be uploaded with firebase deploy. If you
[info] have a build process for your assets, use your build's output directory.
[info] 
[debug] [2025-01-05T23:17:24.325Z] >>> [apiv2][query] GET https://www.gstatic.com/firebasejs/releases.json [none]
[debug] [2025-01-05T23:17:24.397Z] <<< [apiv2][status] GET https://www.gstatic.com/firebasejs/releases.json 200
[debug] [2025-01-05T23:17:24.397Z] <<< [apiv2][body] GET https://www.gstatic.com/firebasejs/releases.json {"current":{"version":"11.1.0","browserURL":"https://www.gstatic.com/firebasejs/11.1.0/firebase.js","packageURL":"https://www.gstatic.com/firebasejs/11.1.0/firebase.tgz"},"live":{"version":"11.1","browserURL":"https://www.gstatic.com/firebasejs/live/11.1/firebase.js","packageURL":"https://www.gstatic.com/firebasejs/live/11.1/firebase.tgz"},"components":{"analytics":"https://www.gstatic.com/firebasejs/11.1.0/firebase-analytics.js","app":"https://www.gstatic.com/firebasejs/11.1.0/firebase-app.js","app-check":"https://www.gstatic.com/firebasejs/11.1.0/firebase-app-check.js","auth":"https://www.gstatic.com/firebasejs/11.1.0/firebase-auth.js","auth/cordova":"https://www.gstatic.com/firebasejs/11.1.0/firebase-auth/cordova.js","auth/web-extension":"https://www.gstatic.com/firebasejs/11.1.0/firebase-auth/web-extension.js","functions":"https://www.gstatic.com/firebasejs/11.1.0/firebase-functions.js","firestore":"https://www.gstatic.com/firebasejs/11.1.0/firebase-firestore.js","firestore/lite":"https://www.gstatic.com/firebasejs/11.1.0/firebase-firestore/lite.js","installations":"https://www.gstatic.com/firebasejs/11.1.0/firebase-installations.js","storage":"https://www.gstatic.com/firebasejs/11.1.0/firebase-storage.js","performance":"https://www.gstatic.com/firebasejs/11.1.0/firebase-performance.js","remote-config":"https://www.gstatic.com/firebasejs/11.1.0/firebase-remote-config.js","messaging":"https://www.gstatic.com/firebasejs/11.1.0/firebase-messaging.js","messaging/sw":"https://www.gstatic.com/firebasejs/11.1.0/firebase-messaging/sw.js","database":"https://www.gstatic.com/firebasejs/11.1.0/firebase-database.js","vertexai":"https://www.gstatic.com/firebasejs/11.1.0/firebase-vertexai.js","data-connect":"https://www.gstatic.com/firebasejs/11.1.0/firebase-data-connect.js","firestore.memory":"https://www.gstatic.com/firebasejs/11.1.0/firebase-firestore.memory.js"}}
[info] +  Wrote y/index.html 
[info] 
[info] i  Detected a .git folder at C:\Users\Administrador\Documents\Freelas\rdo_BDS_Data_Manager 
[info] i  Authorizing with GitHub to upload your service account to a GitHub repository's secrets store. 
[info] 
[info] Visit this URL on this device to log in:
[info] https://github.com/login/oauth/authorize?client_id=89cf50f02ac6aaed3484&state=1036115549&redirect_uri=http%3A%2F%2Flocalhost%3A9005&scope=read%3Auser%20repo%20public_repo
[info] 
[info] Waiting for authentication...
[debug] [2025-01-05T23:17:24.870Z] >>> [apiv2][query] POST https://github.com/login/oauth/access_token [none]
[debug] [2025-01-05T23:17:24.870Z] >>> [apiv2][body] POST https://github.com/login/oauth/access_token [stream]
[debug] [2025-01-05T23:17:25.143Z] <<< [apiv2][status] POST https://github.com/login/oauth/access_token 200
[debug] [2025-01-05T23:17:25.143Z] <<< [apiv2][body] POST https://github.com/login/oauth/access_token {"access_token":"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","token_type":"bearer","scope":"read:user,repo"}
[debug] [2025-01-05T23:17:25.147Z] >>> [apiv2][query] GET https://api.github.com/user [none]
[debug] [2025-01-05T23:17:25.408Z] <<< [apiv2][status] GET https://api.github.com/user 200
[debug] [2025-01-05T23:17:25.408Z] <<< [apiv2][body] GET https://api.github.com/user {"login":"PedroMissaglia","id":45774945,"node_id":"MDQ6VXNlcjQ1Nzc0OTQ1","avatar_url":"https://avatars.githubusercontent.com/u/45774945?v=4","gravatar_id":"","url":"https://api.github.com/users/PedroMissaglia","html_url":"https://github.com/PedroMissaglia","followers_url":"https://api.github.com/users/PedroMissaglia/followers","following_url":"https://api.github.com/users/PedroMissaglia/following{/other_user}","gists_url":"https://api.github.com/users/PedroMissaglia/gists{/gist_id}","starred_url":"https://api.github.com/users/PedroMissaglia/starred{/owner}{/repo}","subscriptions_url":"https://api.github.com/users/PedroMissaglia/subscriptions","organizations_url":"https://api.github.com/users/PedroMissaglia/orgs","repos_url":"https://api.github.com/users/PedroMissaglia/repos","events_url":"https://api.github.com/users/PedroMissaglia/events{/privacy}","received_events_url":"https://api.github.com/users/PedroMissaglia/received_events","type":"User","user_view_type":"private","site_admin":false,"name":null,"company":null,"blog":"","location":null,"email":null,"hireable":null,"bio":null,"twitter_username":null,"notification_email":null,"public_repos":16,"public_gists":0,"followers":2,"following":1,"created_at":"2018-12-10T23:31:54Z","updated_at":"2024-12-29T21:01:12Z","private_gists":0,"total_private_repos":10,"owned_private_repos":10,"disk_usage":53543,"collaborators":3,"two_factor_authentication":false,"plan":{"name":"free","space":976562499,"collaborators":0,"private_repos":10000}}
[info] 
[info] +  Success! Logged into GitHub as PedroMissaglia 
[info] 
[debug] [2025-01-05T23:17:32.702Z] >>> [apiv2][query] GET https://api.github.com/repos//actions/secrets/public-key type=owner
[debug] [2025-01-05T23:17:32.915Z] <<< [apiv2][status] GET https://api.github.com/repos//actions/secrets/public-key 404
[debug] [2025-01-05T23:17:32.915Z] <<< [apiv2][body] GET https://api.github.com/repos//actions/secrets/public-key {"message":"Not Found","documentation_url":"https://docs.github.com/rest","status":"404"}
[info] 
[info] 
[error] !  The provided authorization cannot be used with this repository. If this repository is in an organization, did you remember to grant access? 
[info] 
[info] i  Action required: Visit this URL to ensure access has been granted to the appropriate organization(s) for the Firebase CLI GitHub OAuth App: 
[info] https://github.com/settings/connections/applications/89cf50f02ac6aaed3484
[info] 
[debug] [2025-01-05T23:17:33.815Z] >>> [apiv2][query] GET https://api.github.com/repos//actions/secrets/public-key type=owner
[debug] [2025-01-05T23:17:33.984Z] <<< [apiv2][status] GET https://api.github.com/repos//actions/secrets/public-key 404
[debug] [2025-01-05T23:17:33.984Z] <<< [apiv2][body] GET https://api.github.com/repos//actions/secrets/public-key {"message":"Not Found","documentation_url":"https://docs.github.com/rest","status":"404"}
[info] 
[info] 
[error] !  The provided authorization cannot be used with this repository. If this repository is in an organization, did you remember to grant access? 
[info] 
[info] i  Action required: Visit this URL to ensure access has been granted to the appropriate organization(s) for the Firebase CLI GitHub OAuth App: 
[info] https://github.com/settings/connections/applications/89cf50f02ac6aaed3484
[info] 
[debug] [2025-01-05T23:17:34.943Z] >>> [apiv2][query] GET https://api.github.com/repos//actions/secrets/public-key type=owner
[debug] [2025-01-05T23:17:35.130Z] <<< [apiv2][status] GET https://api.github.com/repos//actions/secrets/public-key 404
[debug] [2025-01-05T23:17:35.130Z] <<< [apiv2][body] GET https://api.github.com/repos//actions/secrets/public-key {"message":"Not Found","documentation_url":"https://docs.github.com/rest","status":"404"}
[info] 
[info] 
[error] !  The provided authorization cannot be used with this repository. If this repository is in an organization, did you remember to grant access? 
[info] 
[info] i  Action required: Visit this URL to ensure access has been granted to the appropriate organization(s) for the Firebase CLI GitHub OAuth App: 
[info] https://github.com/settings/connections/applications/89cf50f02ac6aaed3484
[info] 
[debug] [2025-01-05T23:17:46.013Z] >>> [apiv2][query] GET https://api.github.com/repos//actions/secrets/public-key type=owner
[debug] [2025-01-05T23:17:46.246Z] <<< [apiv2][status] GET https://api.github.com/repos//actions/secrets/public-key 404
[debug] [2025-01-05T23:17:46.246Z] <<< [apiv2][body] GET https://api.github.com/repos//actions/secrets/public-key {"message":"Not Found","documentation_url":"https://docs.github.com/rest","status":"404"}
[info] 
[info] 
[error] !  The provided authorization cannot be used with this repository. If this repository is in an organization, did you remember to grant access? 
[info] 
[info] i  Action required: Visit this URL to ensure access has been granted to the appropriate organization(s) for the Firebase CLI GitHub OAuth App: 
[info] https://github.com/settings/connections/applications/89cf50f02ac6aaed3484
[info] 
[debug] [2025-01-05T23:17:47.160Z] >>> [apiv2][query] GET https://api.github.com/repos//actions/secrets/public-key type=owner
[debug] [2025-01-05T23:17:47.333Z] <<< [apiv2][status] GET https://api.github.com/repos//actions/secrets/public-key 404
[debug] [2025-01-05T23:17:47.333Z] <<< [apiv2][body] GET https://api.github.com/repos//actions/secrets/public-key {"message":"Not Found","documentation_url":"https://docs.github.com/rest","status":"404"}
[info] 
[info] 
[error] !  The provided authorization cannot be used with this repository. If this repository is in an organization, did you remember to grant access? 
[info] 
[info] i  Action required: Visit this URL to ensure access has been granted to the appropriate organization(s) for the Firebase CLI GitHub OAuth App: 
[info] https://github.com/settings/connections/applications/89cf50f02ac6aaed3484
[info] 
